#! /usr/local/bin/vvp
:ivl_version "13.0 (devel)" "(s20250103-68-g1fdeb7b98)";
:ivl_delay_selection "TYPICAL";
:vpi_time_precision + 0;
:vpi_module "/usr/local/lib/ivl/system.vpi";
:vpi_module "/usr/local/lib/ivl/vhdl_sys.vpi";
:vpi_module "/usr/local/lib/ivl/vhdl_textio.vpi";
:vpi_module "/usr/local/lib/ivl/v2005_math.vpi";
:vpi_module "/usr/local/lib/ivl/va_math.vpi";
:vpi_module "/usr/local/lib/ivl/v2009.vpi";
S_0x6367e9067800 .scope package, "$unit" "$unit" 2 1;
 .timescale 0 0;
S_0x6367e906aea0 .scope module, "tester" "tester" 3 1;
 .timescale 0 0;
L_0x6367e9070440 .functor BUFZ 8, L_0x6367e90965b0, C4<00000000>, C4<00000000>, C4<00000000>;
v0x6367e9095f20_0 .net *"_ivl_0", 7 0, L_0x6367e90965b0;  1 drivers
v0x6367e9096020_0 .net "address", 15 0, v0x6367e9095790_0;  1 drivers
v0x6367e90960e0_0 .var "clk", 0 0;
v0x6367e90961b0_0 .net "cpu_out", 7 0, L_0x6367e90acf20;  1 drivers
v0x6367e9096280_0 .net "io_output", 0 0, L_0x6367e90acc40;  1 drivers
v0x6367e9096370 .array "mem", 4128 0, 7 0;
v0x6367e9096410_0 .net "mem_out", 7 0, L_0x6367e9070440;  1 drivers
v0x6367e90964e0_0 .var "rst", 0 0;
E_0x6367e903dcf0 .event posedge, v0x6367e90952b0_0;
L_0x6367e90965b0 .array/port v0x6367e9096370, v0x6367e9095790_0;
S_0x6367e906a690 .scope module, "cpu_instance" "cpu" 3 10, 4 48 0, S_0x6367e906aea0;
 .timescale 0 0;
    .port_info 0 /INPUT 1 "clk";
    .port_info 1 /INPUT 1 "rst";
    .port_info 2 /OUTPUT 16 "rom_address";
    .port_info 3 /INPUT 8 "rom_data";
    .port_info 4 /OUTPUT 4 "io_sel";
    .port_info 5 /OUTPUT 1 "io_reading";
    .port_info 6 /OUTPUT 1 "io_output";
    .port_info 7 /INOUT 8 "io_data";
L_0x6367e90ac010 .functor OR 1, L_0x6367e90ac7a0, L_0x6367e90ac8d0, C4<0>, C4<0>;
L_0x6367e90aabb0 .functor AND 1, L_0x6367e90ad440, L_0x6367e90ad6b0, C4<1>, C4<1>;
L_0x6367e90a91f0 .functor AND 1, L_0x6367e90aabb0, L_0x6367e90ad930, C4<1>, C4<1>;
L_0x6367e90adc10 .functor NOT 1, L_0x6367e90a91f0, C4<0>, C4<0>, C4<0>;
v0x6367e9093030 .array "RAM", 255 0, 7 0;
L_0x7d40de9b7d50 .functor BUFT 1, C4<0110>, C4<0>, C4<0>, C4<0>;
v0x6367e9093110_0 .net/2u *"_ivl_10", 3 0, L_0x7d40de9b7d50;  1 drivers
v0x6367e90931f0_0 .net *"_ivl_12", 0 0, L_0x6367e90ac7a0;  1 drivers
L_0x7d40de9b7d98 .functor BUFT 1, C4<0111>, C4<0>, C4<0>, C4<0>;
v0x6367e90932c0_0 .net/2u *"_ivl_14", 3 0, L_0x7d40de9b7d98;  1 drivers
v0x6367e90933a0_0 .net *"_ivl_16", 0 0, L_0x6367e90ac8d0;  1 drivers
v0x6367e9093460_0 .net *"_ivl_19", 0 0, L_0x6367e90ac010;  1 drivers
L_0x7d40de9b7de0 .functor BUFT 1, C4<0000>, C4<0>, C4<0>, C4<0>;
v0x6367e9093520_0 .net/2u *"_ivl_20", 3 0, L_0x7d40de9b7de0;  1 drivers
L_0x7d40de9b7e28 .functor BUFT 1, C4<0110>, C4<0>, C4<0>, C4<0>;
v0x6367e9093600_0 .net/2u *"_ivl_24", 3 0, L_0x7d40de9b7e28;  1 drivers
v0x6367e90936e0_0 .net *"_ivl_26", 0 0, L_0x6367e90acba0;  1 drivers
L_0x7d40de9b7e70 .functor BUFT 1, C4<1>, C4<0>, C4<0>, C4<0>;
v0x6367e90937a0_0 .net/2u *"_ivl_28", 0 0, L_0x7d40de9b7e70;  1 drivers
L_0x7d40de9b7eb8 .functor BUFT 1, C4<0>, C4<0>, C4<0>, C4<0>;
v0x6367e9093880_0 .net/2u *"_ivl_30", 0 0, L_0x7d40de9b7eb8;  1 drivers
L_0x7d40de9b7f00 .functor BUFT 1, C4<0110>, C4<0>, C4<0>, C4<0>;
v0x6367e9093960_0 .net/2u *"_ivl_34", 3 0, L_0x7d40de9b7f00;  1 drivers
v0x6367e9093a40_0 .net *"_ivl_36", 0 0, L_0x6367e90ace30;  1 drivers
o0x7d40dec87f98 .functor BUFZ 8, c4<zzzzzzzz>; HiZ drive
; Elide local net with no drivers, v0x6367e9093b00_0 name=_ivl_38
L_0x7d40de9b7f48 .functor BUFT 1, C4<0111>, C4<0>, C4<0>, C4<0>;
v0x6367e9093be0_0 .net/2u *"_ivl_42", 3 0, L_0x7d40de9b7f48;  1 drivers
v0x6367e9093cc0_0 .net *"_ivl_44", 0 0, L_0x6367e90ad0d0;  1 drivers
L_0x7d40de9b7f90 .functor BUFT 1, C4<1>, C4<0>, C4<0>, C4<0>;
v0x6367e9093d80_0 .net/2u *"_ivl_46", 0 0, L_0x7d40de9b7f90;  1 drivers
L_0x7d40de9b7fd8 .functor BUFT 1, C4<0>, C4<0>, C4<0>, C4<0>;
v0x6367e9093e60_0 .net/2u *"_ivl_48", 0 0, L_0x7d40de9b7fd8;  1 drivers
v0x6367e9093f40_0 .net *"_ivl_55", 0 0, L_0x6367e90ad350;  1 drivers
L_0x7d40de9b8020 .functor BUFT 1, C4<1>, C4<0>, C4<0>, C4<0>;
v0x6367e9094020_0 .net/2u *"_ivl_56", 0 0, L_0x7d40de9b8020;  1 drivers
v0x6367e9094100_0 .net *"_ivl_61", 0 0, L_0x6367e90ad610;  1 drivers
L_0x7d40de9b8068 .functor BUFT 1, C4<1>, C4<0>, C4<0>, C4<0>;
v0x6367e90941e0_0 .net/2u *"_ivl_62", 0 0, L_0x7d40de9b8068;  1 drivers
v0x6367e90942c0_0 .net *"_ivl_67", 0 0, L_0x6367e90ad890;  1 drivers
L_0x7d40de9b80b0 .functor BUFT 1, C4<1>, C4<0>, C4<0>, C4<0>;
v0x6367e90943a0_0 .net/2u *"_ivl_68", 0 0, L_0x7d40de9b80b0;  1 drivers
v0x6367e9094480_0 .net *"_ivl_72", 0 0, L_0x6367e90aabb0;  1 drivers
v0x6367e9094560_0 .net *"_ivl_76", 0 0, L_0x6367e90adc10;  1 drivers
v0x6367e9094640_0 .net "all_conditions", 0 0, L_0x6367e90a91f0;  1 drivers
v0x6367e9094700_0 .net "alu_carry", 0 0, L_0x6367e90ab080;  1 drivers
v0x6367e90947a0_0 .net "alu_carry_set", 0 0, L_0x6367e90a96c0;  1 drivers
v0x6367e9094890_0 .net "alu_result", 7 0, L_0x6367e90ac4e0;  1 drivers
v0x6367e90949a0_0 .var "carry_latch", 0 0;
v0x6367e9094a60_0 .net "clk", 0 0, v0x6367e90960e0_0;  1 drivers
v0x6367e9094b20_0 .net "cond_c", 0 0, L_0x6367e90ad930;  1 drivers
v0x6367e9094df0_0 .net "cond_m", 0 0, L_0x6367e90ad6b0;  1 drivers
v0x6367e9094eb0_0 .net "cond_z", 0 0, L_0x6367e90ad440;  1 drivers
v0x6367e9094f70_0 .net "condition", 2 0, L_0x6367e9096880;  1 drivers
v0x6367e9095050_0 .net "execute", 0 0, L_0x6367e90ad750;  1 drivers
v0x6367e9095110_0 .net "invert_condition", 0 0, L_0x6367e9096950;  1 drivers
v0x6367e90951d0_0 .net "io_data", 7 0, L_0x6367e90acf20;  alias, 1 drivers
v0x6367e90952b0_0 .net "io_output", 0 0, L_0x6367e90acc40;  alias, 1 drivers
v0x6367e9095370_0 .net "io_reading", 0 0, L_0x6367e90ad1c0;  1 drivers
v0x6367e9095430_0 .net "io_sel", 3 0, L_0x6367e90aca10;  1 drivers
v0x6367e9095510_0 .var "minus_latch", 0 0;
v0x6367e90955d0_0 .net "opcode", 3 0, L_0x6367e9096740;  1 drivers
v0x6367e90956b0_0 .net "operand", 3 0, L_0x6367e90967e0;  1 drivers
v0x6367e9095790_0 .var "program_counter", 15 0;
v0x6367e9095870_0 .var "reg_a", 7 0;
v0x6367e9095930_0 .var "reg_b", 7 0;
v0x6367e90959d0_0 .var "reg_x", 7 0;
v0x6367e9095a90_0 .net "rom_address", 15 0, v0x6367e9095790_0;  alias, 1 drivers
v0x6367e9095b70_0 .net "rom_data", 7 0, L_0x6367e9070440;  alias, 1 drivers
v0x6367e9095c50_0 .net "rst", 0 0, v0x6367e90964e0_0;  1 drivers
v0x6367e9095d10_0 .var "zero_latch", 0 0;
E_0x6367e903e170 .event anyedge, v0x6367e9095c50_0;
E_0x6367e903e680 .event posedge, v0x6367e9094a60_0;
E_0x6367e9013480 .event negedge, v0x6367e9094a60_0;
L_0x6367e9096740 .part L_0x6367e9070440, 4, 4;
L_0x6367e90967e0 .part L_0x6367e9070440, 0, 4;
L_0x6367e9096880 .part L_0x6367e90967e0, 0, 3;
L_0x6367e9096950 .part L_0x6367e90967e0, 3, 1;
L_0x6367e90ac6b0 .part L_0x6367e9096740, 0, 3;
L_0x6367e90ac7a0 .cmp/eq 4, L_0x6367e9096740, L_0x7d40de9b7d50;
L_0x6367e90ac8d0 .cmp/eq 4, L_0x6367e9096740, L_0x7d40de9b7d98;
L_0x6367e90aca10 .functor MUXZ 4, L_0x7d40de9b7de0, L_0x6367e90967e0, L_0x6367e90ac010, C4<>;
L_0x6367e90acba0 .cmp/eq 4, L_0x6367e9096740, L_0x7d40de9b7e28;
L_0x6367e90acc40 .functor MUXZ 1, L_0x7d40de9b7eb8, L_0x7d40de9b7e70, L_0x6367e90acba0, C4<>;
L_0x6367e90ace30 .cmp/eq 4, L_0x6367e9096740, L_0x7d40de9b7f00;
L_0x6367e90acf20 .functor MUXZ 8, o0x7d40dec87f98, v0x6367e9095870_0, L_0x6367e90ace30, C4<>;
L_0x6367e90ad0d0 .cmp/eq 4, L_0x6367e9096740, L_0x7d40de9b7f48;
L_0x6367e90ad1c0 .functor MUXZ 1, L_0x7d40de9b7fd8, L_0x7d40de9b7f90, L_0x6367e90ad0d0, C4<>;
L_0x6367e90ad350 .part L_0x6367e9096880, 0, 1;
L_0x6367e90ad440 .functor MUXZ 1, L_0x7d40de9b8020, v0x6367e9095d10_0, L_0x6367e90ad350, C4<>;
L_0x6367e90ad610 .part L_0x6367e9096880, 1, 1;
L_0x6367e90ad6b0 .functor MUXZ 1, L_0x7d40de9b8068, v0x6367e9095510_0, L_0x6367e90ad610, C4<>;
L_0x6367e90ad890 .part L_0x6367e9096880, 2, 1;
L_0x6367e90ad930 .functor MUXZ 1, L_0x7d40de9b80b0, v0x6367e90949a0_0, L_0x6367e90ad890, C4<>;
L_0x6367e90ad750 .functor MUXZ 1, L_0x6367e90a91f0, L_0x6367e90adc10, L_0x6367e9096950, C4<>;
S_0x6367e9069e80 .scope module, "alu_instance" "ALU" 4 78, 4 158 0, S_0x6367e906a690;
 .timescale 0 0;
    .port_info 0 /INPUT 8 "A";
    .port_info 1 /INPUT 8 "B";
    .port_info 2 /INPUT 3 "operation";
    .port_info 3 /OUTPUT 8 "result";
    .port_info 4 /OUTPUT 1 "carry";
    .port_info 5 /OUTPUT 1 "carry_set";
L_0x6367e90978d0 .functor AND 8, v0x6367e9095870_0, v0x6367e9095930_0, C4<11111111>, C4<11111111>;
L_0x6367e9096fa0 .functor OR 8, v0x6367e9095870_0, v0x6367e9095930_0, C4<00000000>, C4<00000000>;
L_0x6367e90a81e0 .functor XOR 8, v0x6367e9095870_0, v0x6367e9095930_0, C4<00000000>, C4<00000000>;
L_0x6367e90a82a0 .functor NOT 8, v0x6367e9095870_0, C4<00000000>, C4<00000000>, C4<00000000>;
v0x6367e9091020_0 .net "A", 7 0, v0x6367e9095870_0;  1 drivers
v0x6367e9091120_0 .net "B", 7 0, v0x6367e9095930_0;  1 drivers
L_0x7d40de9b7060 .functor BUFT 1, C4<0>, C4<0>, C4<0>, C4<0>;
v0x6367e9091200_0 .net *"_ivl_10", 0 0, L_0x7d40de9b7060;  1 drivers
v0x6367e90912c0_0 .net *"_ivl_11", 8 0, L_0x6367e9096f00;  1 drivers
v0x6367e90913a0_0 .net *"_ivl_16", 8 0, L_0x6367e9097320;  1 drivers
L_0x7d40de9b70a8 .functor BUFT 1, C4<0>, C4<0>, C4<0>, C4<0>;
v0x6367e90914d0_0 .net *"_ivl_19", 0 0, L_0x7d40de9b70a8;  1 drivers
v0x6367e90915b0_0 .net *"_ivl_20", 8 0, L_0x6367e9097460;  1 drivers
L_0x7d40de9b70f0 .functor BUFT 1, C4<0>, C4<0>, C4<0>, C4<0>;
v0x6367e9091690_0 .net *"_ivl_23", 0 0, L_0x7d40de9b70f0;  1 drivers
v0x6367e9091770_0 .net *"_ivl_24", 8 0, L_0x6367e9097550;  1 drivers
v0x6367e9091850_0 .net *"_ivl_29", 8 0, L_0x6367e9097940;  1 drivers
v0x6367e9091930_0 .net *"_ivl_3", 8 0, L_0x6367e9096c50;  1 drivers
L_0x7d40de9b7138 .functor BUFT 1, C4<0>, C4<0>, C4<0>, C4<0>;
v0x6367e9091a10_0 .net *"_ivl_32", 0 0, L_0x7d40de9b7138;  1 drivers
L_0x7d40de9b7180 .functor BUFT 1, C4<000000001>, C4<0>, C4<0>, C4<0>;
v0x6367e9091af0_0 .net/2u *"_ivl_33", 8 0, L_0x7d40de9b7180;  1 drivers
v0x6367e9091bd0_0 .net *"_ivl_35", 8 0, L_0x6367e90a7a40;  1 drivers
v0x6367e9091cb0_0 .net *"_ivl_40", 8 0, L_0x6367e90a7ec0;  1 drivers
L_0x7d40de9b71c8 .functor BUFT 1, C4<0>, C4<0>, C4<0>, C4<0>;
v0x6367e9091d90_0 .net *"_ivl_43", 0 0, L_0x7d40de9b71c8;  1 drivers
L_0x7d40de9b7210 .functor BUFT 1, C4<000000001>, C4<0>, C4<0>, C4<0>;
v0x6367e9091e70_0 .net/2u *"_ivl_44", 8 0, L_0x7d40de9b7210;  1 drivers
v0x6367e9091f50_0 .net *"_ivl_46", 8 0, L_0x6367e90a7fb0;  1 drivers
L_0x7d40de9b7018 .functor BUFT 1, C4<0>, C4<0>, C4<0>, C4<0>;
v0x6367e9092030_0 .net *"_ivl_6", 0 0, L_0x7d40de9b7018;  1 drivers
v0x6367e9092110_0 .net *"_ivl_7", 8 0, L_0x6367e9096d90;  1 drivers
v0x6367e90921f0_0 .net "carry", 0 0, L_0x6367e90ab080;  alias, 1 drivers
v0x6367e9092290_0 .net "carry_set", 0 0, L_0x6367e90a96c0;  alias, 1 drivers
v0x6367e9092330_0 .net "op_add_carry", 0 0, L_0x6367e9096a20;  1 drivers
v0x6367e90923d0_0 .net "op_add_res", 7 0, L_0x6367e9096b10;  1 drivers
v0x6367e9092470_0 .net "op_and_res", 7 0, L_0x6367e90978d0;  1 drivers
v0x6367e9092540_0 .net "op_dec_carry", 0 0, L_0x6367e90a7c00;  1 drivers
v0x6367e9092610_0 .net "op_dec_res", 7 0, L_0x6367e90a7cf0;  1 drivers
v0x6367e90926e0_0 .net "op_inc_carry", 0 0, L_0x6367e90976f0;  1 drivers
v0x6367e90927b0_0 .net "op_inc_res", 7 0, L_0x6367e9097790;  1 drivers
v0x6367e9092880_0 .net "op_not_res", 7 0, L_0x6367e90a82a0;  1 drivers
v0x6367e9092950_0 .net "op_ora_res", 7 0, L_0x6367e9096fa0;  1 drivers
v0x6367e9092a20_0 .net "op_sub_carry", 0 0, L_0x6367e90970b0;  1 drivers
v0x6367e9092af0_0 .net "op_sub_res", 7 0, L_0x6367e90971e0;  1 drivers
v0x6367e9092dd0_0 .net "op_xor_res", 7 0, L_0x6367e90a81e0;  1 drivers
v0x6367e9092ea0_0 .net "operation", 2 0, L_0x6367e90ac6b0;  1 drivers
v0x6367e9092f40_0 .net "result", 7 0, L_0x6367e90ac4e0;  alias, 1 drivers
L_0x6367e9096a20 .part L_0x6367e9096f00, 8, 1;
L_0x6367e9096b10 .part L_0x6367e9096f00, 0, 8;
L_0x6367e9096c50 .concat [ 8 1 0 0], v0x6367e9095870_0, L_0x7d40de9b7018;
L_0x6367e9096d90 .concat [ 8 1 0 0], v0x6367e9095930_0, L_0x7d40de9b7060;
L_0x6367e9096f00 .arith/sum 9, L_0x6367e9096c50, L_0x6367e9096d90;
L_0x6367e90970b0 .part L_0x6367e9097550, 8, 1;
L_0x6367e90971e0 .part L_0x6367e9097550, 0, 8;
L_0x6367e9097320 .concat [ 8 1 0 0], v0x6367e9095870_0, L_0x7d40de9b70a8;
L_0x6367e9097460 .concat [ 8 1 0 0], v0x6367e9095930_0, L_0x7d40de9b70f0;
L_0x6367e9097550 .arith/sub 9, L_0x6367e9097320, L_0x6367e9097460;
L_0x6367e90976f0 .part L_0x6367e90a7a40, 8, 1;
L_0x6367e9097790 .part L_0x6367e90a7a40, 0, 8;
L_0x6367e9097940 .concat [ 8 1 0 0], v0x6367e9095870_0, L_0x7d40de9b7138;
L_0x6367e90a7a40 .arith/sum 9, L_0x6367e9097940, L_0x7d40de9b7180;
L_0x6367e90a7c00 .part L_0x6367e90a7fb0, 8, 1;
L_0x6367e90a7cf0 .part L_0x6367e90a7fb0, 0, 8;
L_0x6367e90a7ec0 .concat [ 8 1 0 0], v0x6367e9095870_0, L_0x7d40de9b71c8;
L_0x6367e90a7fb0 .arith/sub 9, L_0x6367e90a7ec0, L_0x7d40de9b7210;
S_0x6367e9020ed0 .scope module, "mux_carry" "mux1_8to1" 4 201, 4 230 0, S_0x6367e9069e80;
 .timescale 0 0;
    .port_info 0 /INPUT 1 "in0";
    .port_info 1 /INPUT 1 "in1";
    .port_info 2 /INPUT 1 "in2";
    .port_info 3 /INPUT 1 "in3";
    .port_info 4 /INPUT 1 "in4";
    .port_info 5 /INPUT 1 "in5";
    .port_info 6 /INPUT 1 "in6";
    .port_info 7 /INPUT 1 "in7";
    .port_info 8 /INPUT 3 "sel";
    .port_info 9 /OUTPUT 1 "out";
L_0x7d40de9b7720 .functor BUFT 1, C4<000>, C4<0>, C4<0>, C4<0>;
v0x6367e9070590_0 .net/2u *"_ivl_0", 2 0, L_0x7d40de9b7720;  1 drivers
v0x6367e9065dc0_0 .net *"_ivl_10", 0 0, L_0x6367e90a9cf0;  1 drivers
L_0x7d40de9b77f8 .functor BUFT 1, C4<011>, C4<0>, C4<0>, C4<0>;
v0x6367e908ad00_0 .net/2u *"_ivl_12", 2 0, L_0x7d40de9b77f8;  1 drivers
v0x6367e908adc0_0 .net *"_ivl_14", 0 0, L_0x6367e90a9de0;  1 drivers
L_0x7d40de9b7840 .functor BUFT 1, C4<100>, C4<0>, C4<0>, C4<0>;
v0x6367e908ae80_0 .net/2u *"_ivl_16", 2 0, L_0x7d40de9b7840;  1 drivers
v0x6367e908afb0_0 .net *"_ivl_18", 0 0, L_0x6367e90a9ed0;  1 drivers
v0x6367e908b070_0 .net *"_ivl_2", 0 0, L_0x6367e90a9b10;  1 drivers
L_0x7d40de9b7888 .functor BUFT 1, C4<101>, C4<0>, C4<0>, C4<0>;
v0x6367e908b130_0 .net/2u *"_ivl_20", 2 0, L_0x7d40de9b7888;  1 drivers
v0x6367e908b210_0 .net *"_ivl_22", 0 0, L_0x6367e90aa1d0;  1 drivers
L_0x7d40de9b78d0 .functor BUFT 1, C4<110>, C4<0>, C4<0>, C4<0>;
v0x6367e908b2d0_0 .net/2u *"_ivl_24", 2 0, L_0x7d40de9b78d0;  1 drivers
v0x6367e908b3b0_0 .net *"_ivl_26", 0 0, L_0x6367e90aa300;  1 drivers
L_0x7d40de9b7918 .functor BUFT 1, C4<111>, C4<0>, C4<0>, C4<0>;
v0x6367e908b470_0 .net/2u *"_ivl_28", 2 0, L_0x7d40de9b7918;  1 drivers
v0x6367e908b550_0 .net *"_ivl_30", 0 0, L_0x6367e90aa600;  1 drivers
L_0x7d40de9b7960 .functor BUFT 1, C4<0>, C4<0>, C4<0>, C4<0>;
v0x6367e908b610_0 .net/2u *"_ivl_32", 0 0, L_0x7d40de9b7960;  1 drivers
v0x6367e908b6f0_0 .net *"_ivl_34", 0 0, L_0x6367e90aa740;  1 drivers
v0x6367e908b7d0_0 .net *"_ivl_36", 0 0, L_0x6367e90aa880;  1 drivers
v0x6367e908b8b0_0 .net *"_ivl_38", 0 0, L_0x6367e90aa9d0;  1 drivers
L_0x7d40de9b7768 .functor BUFT 1, C4<001>, C4<0>, C4<0>, C4<0>;
v0x6367e908b990_0 .net/2u *"_ivl_4", 2 0, L_0x7d40de9b7768;  1 drivers
v0x6367e908ba70_0 .net *"_ivl_40", 0 0, L_0x6367e90aab10;  1 drivers
v0x6367e908bb50_0 .net *"_ivl_42", 0 0, L_0x6367e90aacc0;  1 drivers
v0x6367e908bc30_0 .net *"_ivl_44", 0 0, L_0x6367e90aae00;  1 drivers
v0x6367e908bd10_0 .net *"_ivl_46", 0 0, L_0x6367e90aaf40;  1 drivers
v0x6367e908bdf0_0 .net *"_ivl_6", 0 0, L_0x6367e90a9c00;  1 drivers
L_0x7d40de9b77b0 .functor BUFT 1, C4<010>, C4<0>, C4<0>, C4<0>;
v0x6367e908beb0_0 .net/2u *"_ivl_8", 2 0, L_0x7d40de9b77b0;  1 drivers
v0x6367e908bf90_0 .net "in0", 0 0, L_0x6367e9096a20;  alias, 1 drivers
v0x6367e908c050_0 .net "in1", 0 0, L_0x6367e90970b0;  alias, 1 drivers
v0x6367e908c110_0 .net "in2", 0 0, L_0x6367e90976f0;  alias, 1 drivers
v0x6367e908c1d0_0 .net "in3", 0 0, L_0x6367e90a7c00;  alias, 1 drivers
L_0x7d40de9b79a8 .functor BUFT 1, C4<0>, C4<0>, C4<0>, C4<0>;
v0x6367e908c290_0 .net "in4", 0 0, L_0x7d40de9b79a8;  1 drivers
L_0x7d40de9b79f0 .functor BUFT 1, C4<0>, C4<0>, C4<0>, C4<0>;
v0x6367e908c350_0 .net "in5", 0 0, L_0x7d40de9b79f0;  1 drivers
L_0x7d40de9b7a38 .functor BUFT 1, C4<0>, C4<0>, C4<0>, C4<0>;
v0x6367e908c410_0 .net "in6", 0 0, L_0x7d40de9b7a38;  1 drivers
L_0x7d40de9b7a80 .functor BUFT 1, C4<0>, C4<0>, C4<0>, C4<0>;
v0x6367e908c4d0_0 .net "in7", 0 0, L_0x7d40de9b7a80;  1 drivers
v0x6367e908c590_0 .net "out", 0 0, L_0x6367e90ab080;  alias, 1 drivers
v0x6367e908c860_0 .net "sel", 2 0, L_0x6367e90ac6b0;  alias, 1 drivers
L_0x6367e90a9b10 .cmp/eq 3, L_0x6367e90ac6b0, L_0x7d40de9b7720;
L_0x6367e90a9c00 .cmp/eq 3, L_0x6367e90ac6b0, L_0x7d40de9b7768;
L_0x6367e90a9cf0 .cmp/eq 3, L_0x6367e90ac6b0, L_0x7d40de9b77b0;
L_0x6367e90a9de0 .cmp/eq 3, L_0x6367e90ac6b0, L_0x7d40de9b77f8;
L_0x6367e90a9ed0 .cmp/eq 3, L_0x6367e90ac6b0, L_0x7d40de9b7840;
L_0x6367e90aa1d0 .cmp/eq 3, L_0x6367e90ac6b0, L_0x7d40de9b7888;
L_0x6367e90aa300 .cmp/eq 3, L_0x6367e90ac6b0, L_0x7d40de9b78d0;
L_0x6367e90aa600 .cmp/eq 3, L_0x6367e90ac6b0, L_0x7d40de9b7918;
L_0x6367e90aa740 .functor MUXZ 1, L_0x7d40de9b7960, L_0x7d40de9b7a80, L_0x6367e90aa600, C4<>;
L_0x6367e90aa880 .functor MUXZ 1, L_0x6367e90aa740, L_0x7d40de9b7a38, L_0x6367e90aa300, C4<>;
L_0x6367e90aa9d0 .functor MUXZ 1, L_0x6367e90aa880, L_0x7d40de9b79f0, L_0x6367e90aa1d0, C4<>;
L_0x6367e90aab10 .functor MUXZ 1, L_0x6367e90aa9d0, L_0x7d40de9b79a8, L_0x6367e90a9ed0, C4<>;
L_0x6367e90aacc0 .functor MUXZ 1, L_0x6367e90aab10, L_0x6367e90a7c00, L_0x6367e90a9de0, C4<>;
L_0x6367e90aae00 .functor MUXZ 1, L_0x6367e90aacc0, L_0x6367e90976f0, L_0x6367e90a9cf0, C4<>;
L_0x6367e90aaf40 .functor MUXZ 1, L_0x6367e90aae00, L_0x6367e90970b0, L_0x6367e90a9c00, C4<>;
L_0x6367e90ab080 .functor MUXZ 1, L_0x6367e90aaf40, L_0x6367e9096a20, L_0x6367e90a9b10, C4<>;
S_0x6367e908ca80 .scope module, "mux_carry_set" "mux1_8to1" 4 188, 4 230 0, S_0x6367e9069e80;
 .timescale 0 0;
    .port_info 0 /INPUT 1 "in0";
    .port_info 1 /INPUT 1 "in1";
    .port_info 2 /INPUT 1 "in2";
    .port_info 3 /INPUT 1 "in3";
    .port_info 4 /INPUT 1 "in4";
    .port_info 5 /INPUT 1 "in5";
    .port_info 6 /INPUT 1 "in6";
    .port_info 7 /INPUT 1 "in7";
    .port_info 8 /INPUT 3 "sel";
    .port_info 9 /OUTPUT 1 "out";
L_0x7d40de9b7258 .functor BUFT 1, C4<000>, C4<0>, C4<0>, C4<0>;
v0x6367e908cd80_0 .net/2u *"_ivl_0", 2 0, L_0x7d40de9b7258;  1 drivers
v0x6367e908ce60_0 .net *"_ivl_10", 0 0, L_0x6367e90a8530;  1 drivers
L_0x7d40de9b7330 .functor BUFT 1, C4<011>, C4<0>, C4<0>, C4<0>;
v0x6367e908cf20_0 .net/2u *"_ivl_12", 2 0, L_0x7d40de9b7330;  1 drivers
v0x6367e908cfe0_0 .net *"_ivl_14", 0 0, L_0x6367e90a8620;  1 drivers
L_0x7d40de9b7378 .functor BUFT 1, C4<100>, C4<0>, C4<0>, C4<0>;
v0x6367e908d0a0_0 .net/2u *"_ivl_16", 2 0, L_0x7d40de9b7378;  1 drivers
v0x6367e908d1d0_0 .net *"_ivl_18", 0 0, L_0x6367e90a8710;  1 drivers
v0x6367e908d290_0 .net *"_ivl_2", 0 0, L_0x6367e90a8360;  1 drivers
L_0x7d40de9b73c0 .functor BUFT 1, C4<101>, C4<0>, C4<0>, C4<0>;
v0x6367e908d350_0 .net/2u *"_ivl_20", 2 0, L_0x7d40de9b73c0;  1 drivers
v0x6367e908d430_0 .net *"_ivl_22", 0 0, L_0x6367e90a8910;  1 drivers
L_0x7d40de9b7408 .functor BUFT 1, C4<110>, C4<0>, C4<0>, C4<0>;
v0x6367e908d4f0_0 .net/2u *"_ivl_24", 2 0, L_0x7d40de9b7408;  1 drivers
v0x6367e908d5d0_0 .net *"_ivl_26", 0 0, L_0x6367e90a8a40;  1 drivers
L_0x7d40de9b7450 .functor BUFT 1, C4<111>, C4<0>, C4<0>, C4<0>;
v0x6367e908d690_0 .net/2u *"_ivl_28", 2 0, L_0x7d40de9b7450;  1 drivers
v0x6367e908d770_0 .net *"_ivl_30", 0 0, L_0x6367e90a8b30;  1 drivers
L_0x7d40de9b7498 .functor BUFT 1, C4<0>, C4<0>, C4<0>, C4<0>;
v0x6367e908d830_0 .net/2u *"_ivl_32", 0 0, L_0x7d40de9b7498;  1 drivers
v0x6367e908d910_0 .net *"_ivl_34", 0 0, L_0x6367e90a8d80;  1 drivers
v0x6367e908d9f0_0 .net *"_ivl_36", 0 0, L_0x6367e90a8ec0;  1 drivers
v0x6367e908dad0_0 .net *"_ivl_38", 0 0, L_0x6367e90a9010;  1 drivers
L_0x7d40de9b72a0 .functor BUFT 1, C4<001>, C4<0>, C4<0>, C4<0>;
v0x6367e908dbb0_0 .net/2u *"_ivl_4", 2 0, L_0x7d40de9b72a0;  1 drivers
v0x6367e908dc90_0 .net *"_ivl_40", 0 0, L_0x6367e90a9150;  1 drivers
v0x6367e908dd70_0 .net *"_ivl_42", 0 0, L_0x6367e90a9300;  1 drivers
v0x6367e908de50_0 .net *"_ivl_44", 0 0, L_0x6367e90a9440;  1 drivers
v0x6367e908df30_0 .net *"_ivl_46", 0 0, L_0x6367e90a9580;  1 drivers
v0x6367e908e010_0 .net *"_ivl_6", 0 0, L_0x6367e90a8490;  1 drivers
L_0x7d40de9b72e8 .functor BUFT 1, C4<010>, C4<0>, C4<0>, C4<0>;
v0x6367e908e0d0_0 .net/2u *"_ivl_8", 2 0, L_0x7d40de9b72e8;  1 drivers
L_0x7d40de9b74e0 .functor BUFT 1, C4<1>, C4<0>, C4<0>, C4<0>;
v0x6367e908e1b0_0 .net "in0", 0 0, L_0x7d40de9b74e0;  1 drivers
L_0x7d40de9b7528 .functor BUFT 1, C4<1>, C4<0>, C4<0>, C4<0>;
v0x6367e908e270_0 .net "in1", 0 0, L_0x7d40de9b7528;  1 drivers
L_0x7d40de9b7570 .functor BUFT 1, C4<1>, C4<0>, C4<0>, C4<0>;
v0x6367e908e330_0 .net "in2", 0 0, L_0x7d40de9b7570;  1 drivers
L_0x7d40de9b75b8 .functor BUFT 1, C4<1>, C4<0>, C4<0>, C4<0>;
v0x6367e908e3f0_0 .net "in3", 0 0, L_0x7d40de9b75b8;  1 drivers
L_0x7d40de9b7600 .functor BUFT 1, C4<0>, C4<0>, C4<0>, C4<0>;
v0x6367e908e4b0_0 .net "in4", 0 0, L_0x7d40de9b7600;  1 drivers
L_0x7d40de9b7648 .functor BUFT 1, C4<0>, C4<0>, C4<0>, C4<0>;
v0x6367e908e570_0 .net "in5", 0 0, L_0x7d40de9b7648;  1 drivers
L_0x7d40de9b7690 .functor BUFT 1, C4<0>, C4<0>, C4<0>, C4<0>;
v0x6367e908e630_0 .net "in6", 0 0, L_0x7d40de9b7690;  1 drivers
L_0x7d40de9b76d8 .functor BUFT 1, C4<0>, C4<0>, C4<0>, C4<0>;
v0x6367e908e6f0_0 .net "in7", 0 0, L_0x7d40de9b76d8;  1 drivers
v0x6367e908e7b0_0 .net "out", 0 0, L_0x6367e90a96c0;  alias, 1 drivers
v0x6367e908ea80_0 .net "sel", 2 0, L_0x6367e90ac6b0;  alias, 1 drivers
L_0x6367e90a8360 .cmp/eq 3, L_0x6367e90ac6b0, L_0x7d40de9b7258;
L_0x6367e90a8490 .cmp/eq 3, L_0x6367e90ac6b0, L_0x7d40de9b72a0;
L_0x6367e90a8530 .cmp/eq 3, L_0x6367e90ac6b0, L_0x7d40de9b72e8;
L_0x6367e90a8620 .cmp/eq 3, L_0x6367e90ac6b0, L_0x7d40de9b7330;
L_0x6367e90a8710 .cmp/eq 3, L_0x6367e90ac6b0, L_0x7d40de9b7378;
L_0x6367e90a8910 .cmp/eq 3, L_0x6367e90ac6b0, L_0x7d40de9b73c0;
L_0x6367e90a8a40 .cmp/eq 3, L_0x6367e90ac6b0, L_0x7d40de9b7408;
L_0x6367e90a8b30 .cmp/eq 3, L_0x6367e90ac6b0, L_0x7d40de9b7450;
L_0x6367e90a8d80 .functor MUXZ 1, L_0x7d40de9b7498, L_0x7d40de9b76d8, L_0x6367e90a8b30, C4<>;
L_0x6367e90a8ec0 .functor MUXZ 1, L_0x6367e90a8d80, L_0x7d40de9b7690, L_0x6367e90a8a40, C4<>;
L_0x6367e90a9010 .functor MUXZ 1, L_0x6367e90a8ec0, L_0x7d40de9b7648, L_0x6367e90a8910, C4<>;
L_0x6367e90a9150 .functor MUXZ 1, L_0x6367e90a9010, L_0x7d40de9b7600, L_0x6367e90a8710, C4<>;
L_0x6367e90a9300 .functor MUXZ 1, L_0x6367e90a9150, L_0x7d40de9b75b8, L_0x6367e90a8620, C4<>;
L_0x6367e90a9440 .functor MUXZ 1, L_0x6367e90a9300, L_0x7d40de9b7570, L_0x6367e90a8530, C4<>;
L_0x6367e90a9580 .functor MUXZ 1, L_0x6367e90a9440, L_0x7d40de9b7528, L_0x6367e90a8490, C4<>;
L_0x6367e90a96c0 .functor MUXZ 1, L_0x6367e90a9580, L_0x7d40de9b74e0, L_0x6367e90a8360, C4<>;
S_0x6367e908ecc0 .scope module, "mux_result" "mux8_8to1" 4 214, 4 252 0, S_0x6367e9069e80;
 .timescale 0 0;
    .port_info 0 /INPUT 8 "in0";
    .port_info 1 /INPUT 8 "in1";
    .port_info 2 /INPUT 8 "in2";
    .port_info 3 /INPUT 8 "in3";
    .port_info 4 /INPUT 8 "in4";
    .port_info 5 /INPUT 8 "in5";
    .port_info 6 /INPUT 8 "in6";
    .port_info 7 /INPUT 8 "in7";
    .port_info 8 /INPUT 3 "sel";
    .port_info 9 /OUTPUT 8 "out";
L_0x7d40de9b7ac8 .functor BUFT 1, C4<000>, C4<0>, C4<0>, C4<0>;
v0x6367e908efa0_0 .net/2u *"_ivl_0", 2 0, L_0x7d40de9b7ac8;  1 drivers
v0x6367e908f080_0 .net *"_ivl_10", 0 0, L_0x6367e90ab570;  1 drivers
L_0x7d40de9b7ba0 .functor BUFT 1, C4<011>, C4<0>, C4<0>, C4<0>;
v0x6367e908f140_0 .net/2u *"_ivl_12", 2 0, L_0x7d40de9b7ba0;  1 drivers
v0x6367e908f200_0 .net *"_ivl_14", 0 0, L_0x6367e90ab660;  1 drivers
L_0x7d40de9b7be8 .functor BUFT 1, C4<100>, C4<0>, C4<0>, C4<0>;
v0x6367e908f2c0_0 .net/2u *"_ivl_16", 2 0, L_0x7d40de9b7be8;  1 drivers
v0x6367e908f3f0_0 .net *"_ivl_18", 0 0, L_0x6367e90ab750;  1 drivers
v0x6367e908f4b0_0 .net *"_ivl_2", 0 0, L_0x6367e90ab390;  1 drivers
L_0x7d40de9b7c30 .functor BUFT 1, C4<101>, C4<0>, C4<0>, C4<0>;
v0x6367e908f570_0 .net/2u *"_ivl_20", 2 0, L_0x7d40de9b7c30;  1 drivers
v0x6367e908f650_0 .net *"_ivl_22", 0 0, L_0x6367e90ab840;  1 drivers
L_0x7d40de9b7c78 .functor BUFT 1, C4<110>, C4<0>, C4<0>, C4<0>;
v0x6367e908f710_0 .net/2u *"_ivl_24", 2 0, L_0x7d40de9b7c78;  1 drivers
v0x6367e908f7f0_0 .net *"_ivl_26", 0 0, L_0x6367e90ab970;  1 drivers
L_0x7d40de9b7cc0 .functor BUFT 1, C4<111>, C4<0>, C4<0>, C4<0>;
v0x6367e908f8b0_0 .net/2u *"_ivl_28", 2 0, L_0x7d40de9b7cc0;  1 drivers
v0x6367e908f990_0 .net *"_ivl_30", 0 0, L_0x6367e90aba60;  1 drivers
L_0x7d40de9b7d08 .functor BUFT 1, C4<00000000>, C4<0>, C4<0>, C4<0>;
v0x6367e908fa50_0 .net/2u *"_ivl_32", 7 0, L_0x7d40de9b7d08;  1 drivers
v0x6367e908fb30_0 .net *"_ivl_34", 7 0, L_0x6367e90abba0;  1 drivers
v0x6367e908fc10_0 .net *"_ivl_36", 7 0, L_0x6367e90abce0;  1 drivers
v0x6367e908fcf0_0 .net *"_ivl_38", 7 0, L_0x6367e90abe30;  1 drivers
L_0x7d40de9b7b10 .functor BUFT 1, C4<001>, C4<0>, C4<0>, C4<0>;
v0x6367e908fdd0_0 .net/2u *"_ivl_4", 2 0, L_0x7d40de9b7b10;  1 drivers
v0x6367e908feb0_0 .net *"_ivl_40", 7 0, L_0x6367e90abf70;  1 drivers
v0x6367e908ff90_0 .net *"_ivl_42", 7 0, L_0x6367e90ac120;  1 drivers
v0x6367e9090070_0 .net *"_ivl_44", 7 0, L_0x6367e90ac260;  1 drivers
v0x6367e9090150_0 .net *"_ivl_46", 7 0, L_0x6367e90ac3a0;  1 drivers
v0x6367e9090230_0 .net *"_ivl_6", 0 0, L_0x6367e90ab480;  1 drivers
L_0x7d40de9b7b58 .functor BUFT 1, C4<010>, C4<0>, C4<0>, C4<0>;
v0x6367e90902f0_0 .net/2u *"_ivl_8", 2 0, L_0x7d40de9b7b58;  1 drivers
v0x6367e90903d0_0 .net "in0", 7 0, L_0x6367e9096b10;  alias, 1 drivers
v0x6367e90904b0_0 .net "in1", 7 0, L_0x6367e90971e0;  alias, 1 drivers
v0x6367e9090590_0 .net "in2", 7 0, L_0x6367e9097790;  alias, 1 drivers
v0x6367e9090670_0 .net "in3", 7 0, L_0x6367e90a7cf0;  alias, 1 drivers
v0x6367e9090750_0 .net "in4", 7 0, L_0x6367e90978d0;  alias, 1 drivers
v0x6367e9090830_0 .net "in5", 7 0, L_0x6367e9096fa0;  alias, 1 drivers
v0x6367e9090910_0 .net "in6", 7 0, L_0x6367e90a81e0;  alias, 1 drivers
v0x6367e90909f0_0 .net "in7", 7 0, L_0x6367e90a82a0;  alias, 1 drivers
v0x6367e9090ad0_0 .net "out", 7 0, L_0x6367e90ac4e0;  alias, 1 drivers
v0x6367e9090dc0_0 .net "sel", 2 0, L_0x6367e90ac6b0;  alias, 1 drivers
L_0x6367e90ab390 .cmp/eq 3, L_0x6367e90ac6b0, L_0x7d40de9b7ac8;
L_0x6367e90ab480 .cmp/eq 3, L_0x6367e90ac6b0, L_0x7d40de9b7b10;
L_0x6367e90ab570 .cmp/eq 3, L_0x6367e90ac6b0, L_0x7d40de9b7b58;
L_0x6367e90ab660 .cmp/eq 3, L_0x6367e90ac6b0, L_0x7d40de9b7ba0;
L_0x6367e90ab750 .cmp/eq 3, L_0x6367e90ac6b0, L_0x7d40de9b7be8;
L_0x6367e90ab840 .cmp/eq 3, L_0x6367e90ac6b0, L_0x7d40de9b7c30;
L_0x6367e90ab970 .cmp/eq 3, L_0x6367e90ac6b0, L_0x7d40de9b7c78;
L_0x6367e90aba60 .cmp/eq 3, L_0x6367e90ac6b0, L_0x7d40de9b7cc0;
L_0x6367e90abba0 .functor MUXZ 8, L_0x7d40de9b7d08, L_0x6367e90a82a0, L_0x6367e90aba60, C4<>;
L_0x6367e90abce0 .functor MUXZ 8, L_0x6367e90abba0, L_0x6367e90a81e0, L_0x6367e90ab970, C4<>;
L_0x6367e90abe30 .functor MUXZ 8, L_0x6367e90abce0, L_0x6367e9096fa0, L_0x6367e90ab840, C4<>;
L_0x6367e90abf70 .functor MUXZ 8, L_0x6367e90abe30, L_0x6367e90978d0, L_0x6367e90ab750, C4<>;
L_0x6367e90ac120 .functor MUXZ 8, L_0x6367e90abf70, L_0x6367e90a7cf0, L_0x6367e90ab660, C4<>;
L_0x6367e90ac260 .functor MUXZ 8, L_0x6367e90ac120, L_0x6367e9097790, L_0x6367e90ab570, C4<>;
L_0x6367e90ac3a0 .functor MUXZ 8, L_0x6367e90ac260, L_0x6367e90971e0, L_0x6367e90ab480, C4<>;
L_0x6367e90ac4e0 .functor MUXZ 8, L_0x6367e90ac3a0, L_0x6367e9096b10, L_0x6367e90ab390, C4<>;
    .scope S_0x6367e906a690;
T_0 ;
    %pushi/vec4 0, 0, 1;
    %store/vec4 v0x6367e9095d10_0, 0, 1;
    %pushi/vec4 0, 0, 1;
    %store/vec4 v0x6367e9095510_0, 0, 1;
    %pushi/vec4 0, 0, 1;
    %store/vec4 v0x6367e90949a0_0, 0, 1;
    %pushi/vec4 0, 0, 16;
    %store/vec4 v0x6367e9095790_0, 0, 16;
    %pushi/vec4 0, 0, 8;
    %store/vec4 v0x6367e9095870_0, 0, 8;
    %pushi/vec4 0, 0, 8;
    %store/vec4 v0x6367e9095930_0, 0, 8;
    %pushi/vec4 0, 0, 8;
    %store/vec4 v0x6367e90959d0_0, 0, 8;
    %end;
    .thread T_0;
    .scope S_0x6367e906a690;
T_1 ;
    %wait E_0x6367e9013480;
    %load/vec4 v0x6367e9095050_0;
    %flag_set/vec4 9;
    %flag_get/vec4 9;
    %jmp/0 T_1.2, 9;
    %load/vec4 v0x6367e90955d0_0;
    %pushi/vec4 4, 0, 4;
    %cmp/e;
    %flag_get/vec4 4;
    %and;
T_1.2;
    %flag_set/vec4 8;
    %jmp/0xz  T_1.0, 8;
    %load/vec4 v0x6367e9095930_0;
    %load/vec4 v0x6367e9095870_0;
    %concat/vec4; draw_concat_vec4
    %assign/vec4 v0x6367e9095790_0, 0;
    %jmp T_1.1;
T_1.0 ;
    %load/vec4 v0x6367e9095790_0;
    %addi 1, 0, 16;
    %assign/vec4 v0x6367e9095790_0, 0;
T_1.1 ;
    %load/vec4 v0x6367e9095050_0;
    %flag_set/vec4 9;
    %flag_get/vec4 9;
    %jmp/0 T_1.5, 9;
    %load/vec4 v0x6367e90955d0_0;
    %pushi/vec4 7, 0, 4;
    %cmp/e;
    %flag_get/vec4 4;
    %and;
T_1.5;
    %flag_set/vec4 8;
    %jmp/0xz  T_1.3, 8;
    %load/vec4 v0x6367e90951d0_0;
    %assign/vec4 v0x6367e9095870_0, 0;
T_1.3 ;
    %jmp T_1;
    .thread T_1;
    .scope S_0x6367e906a690;
T_2 ;
    %wait E_0x6367e903e680;
    %load/vec4 v0x6367e90955d0_0;
    %parti/s 1, 3, 3;
    %flag_set/vec4 8;
    %jmp/0xz  T_2.0, 8;
    %load/vec4 v0x6367e9095050_0;
    %flag_set/vec4 8;
    %jmp/0xz  T_2.2, 8;
    %load/vec4 v0x6367e90947a0_0;
    %flag_set/vec4 8;
    %jmp/0xz  T_2.4, 8;
    %load/vec4 v0x6367e9094700_0;
    %assign/vec4 v0x6367e90949a0_0, 0;
T_2.4 ;
    %load/vec4 v0x6367e9094890_0;
    %pad/u 32;
    %cmpi/e 0, 0, 32;
    %flag_mov 8, 4;
    %jmp/0 T_2.6, 8;
    %pushi/vec4 1, 0, 1;
    %jmp/1 T_2.7, 8;
T_2.6 ; End of true expr.
    %pushi/vec4 0, 0, 1;
    %jmp/0 T_2.7, 8;
 ; End of false expr.
    %blend;
T_2.7;
    %assign/vec4 v0x6367e9095d10_0, 0;
    %load/vec4 v0x6367e9094890_0;
    %parti/s 1, 7, 4;
    %cmpi/e 1, 0, 1;
    %flag_mov 8, 4;
    %jmp/0 T_2.8, 8;
    %pushi/vec4 1, 0, 1;
    %jmp/1 T_2.9, 8;
T_2.8 ; End of true expr.
    %pushi/vec4 0, 0, 1;
    %jmp/0 T_2.9, 8;
 ; End of false expr.
    %blend;
T_2.9;
    %assign/vec4 v0x6367e9095510_0, 0;
    %load/vec4 v0x6367e9094890_0;
    %assign/vec4 v0x6367e9095870_0, 0;
T_2.2 ;
    %jmp T_2.1;
T_2.0 ;
    %load/vec4 v0x6367e90955d0_0;
    %parti/s 3, 0, 2;
    %dup/vec4;
    %pushi/vec4 0, 0, 3;
    %cmp/u;
    %jmp/1 T_2.10, 6;
    %dup/vec4;
    %pushi/vec4 1, 0, 3;
    %cmp/u;
    %jmp/1 T_2.11, 6;
    %dup/vec4;
    %pushi/vec4 2, 0, 3;
    %cmp/u;
    %jmp/1 T_2.12, 6;
    %dup/vec4;
    %pushi/vec4 3, 0, 3;
    %cmp/u;
    %jmp/1 T_2.13, 6;
    %dup/vec4;
    %pushi/vec4 5, 0, 3;
    %cmp/u;
    %jmp/1 T_2.14, 6;
    %jmp T_2.15;
T_2.10 ;
    %load/vec4 v0x6367e9095050_0;
    %flag_set/vec4 8;
    %jmp/0xz  T_2.16, 8;
    %load/vec4 v0x6367e9095870_0;
    %assign/vec4 v0x6367e9095930_0, 0;
T_2.16 ;
    %jmp T_2.15;
T_2.11 ;
    %load/vec4 v0x6367e9095050_0;
    %flag_set/vec4 8;
    %jmp/0xz  T_2.18, 8;
    %load/vec4 v0x6367e90959d0_0;
    %assign/vec4 v0x6367e9095870_0, 0;
    %load/vec4 v0x6367e9095870_0;
    %assign/vec4 v0x6367e90959d0_0, 0;
T_2.18 ;
    %jmp T_2.15;
T_2.12 ;
    %load/vec4 v0x6367e9095050_0;
    %flag_set/vec4 8;
    %jmp/0xz  T_2.20, 8;
    %load/vec4 v0x6367e9095870_0;
    %load/vec4 v0x6367e9095930_0;
    %pad/u 10;
    %ix/vec4 3;
    %ix/load 4, 0, 0; Constant delay
    %assign/vec4/a/d v0x6367e9093030, 0, 4;
T_2.20 ;
    %jmp T_2.15;
T_2.13 ;
    %load/vec4 v0x6367e9095050_0;
    %flag_set/vec4 8;
    %jmp/0xz  T_2.22, 8;
    %load/vec4 v0x6367e9095930_0;
    %pad/u 10;
    %ix/vec4 4;
    %load/vec4a v0x6367e9093030, 4;
    %assign/vec4 v0x6367e9095870_0, 0;
T_2.22 ;
    %jmp T_2.15;
T_2.14 ;
    %load/vec4 v0x6367e9095870_0;
    %parti/s 4, 0, 2;
    %load/vec4 v0x6367e90956b0_0;
    %concat/vec4; draw_concat_vec4
    %assign/vec4 v0x6367e9095870_0, 0;
    %jmp T_2.15;
T_2.15 ;
    %pop/vec4 1;
T_2.1 ;
    %jmp T_2;
    .thread T_2;
    .scope S_0x6367e906a690;
T_3 ;
    %wait E_0x6367e903e170;
    %load/vec4 v0x6367e9095c50_0;
    %flag_set/vec4 8;
    %jmp/0xz  T_3.0, 8;
    %pushi/vec4 0, 0, 1;
    %store/vec4 v0x6367e9095d10_0, 0, 1;
    %pushi/vec4 0, 0, 1;
    %store/vec4 v0x6367e9095510_0, 0, 1;
    %pushi/vec4 0, 0, 1;
    %store/vec4 v0x6367e90949a0_0, 0, 1;
    %pushi/vec4 0, 0, 8;
    %assign/vec4 v0x6367e9095870_0, 0;
    %pushi/vec4 0, 0, 8;
    %assign/vec4 v0x6367e9095930_0, 0;
    %pushi/vec4 0, 0, 8;
    %assign/vec4 v0x6367e90959d0_0, 0;
    %pushi/vec4 0, 0, 16;
    %assign/vec4 v0x6367e9095790_0, 0;
T_3.0 ;
    %jmp T_3;
    .thread T_3, $push;
    .scope S_0x6367e906aea0;
T_4 ;
    %vpi_call/w 3 21 "$dumpfile", "test.vcd" {0 0 0};
    %vpi_call/w 3 22 "$dumpvars", 32'sb00000000000000000000000000000000, S_0x6367e906aea0 {0 0 0};
    %vpi_call/w 3 23 "$readmemh", "out.mem", v0x6367e9096370, 32'sb00000000000000000000000000000000, 32'sb00000000000000000000000111101110 {0 0 0};
    %end;
    .thread T_4;
    .scope S_0x6367e906aea0;
T_5 ;
    %pushi/vec4 0, 0, 1;
    %store/vec4 v0x6367e90964e0_0, 0, 1;
    %pushi/vec4 0, 0, 1;
    %store/vec4 v0x6367e90960e0_0, 0, 1;
    %delay 0, 0;
    %pushi/vec4 1, 0, 1;
    %store/vec4 v0x6367e90964e0_0, 0, 1;
    %delay 4, 0;
    %pushi/vec4 0, 0, 1;
    %store/vec4 v0x6367e90964e0_0, 0, 1;
    %end;
    .thread T_5;
    .scope S_0x6367e906aea0;
T_6 ;
    %delay 1, 0;
    %load/vec4 v0x6367e90960e0_0;
    %inv;
    %store/vec4 v0x6367e90960e0_0, 0, 1;
    %jmp T_6;
    .thread T_6;
    .scope S_0x6367e906aea0;
T_7 ;
    %wait E_0x6367e903e680;
    %load/vec4 v0x6367e9096020_0;
    %cmpi/e 65535, 0, 16;
    %jmp/0xz  T_7.0, 4;
    %vpi_call/w 3 36 "$finish" {0 0 0};
T_7.0 ;
    %jmp T_7;
    .thread T_7;
    .scope S_0x6367e906aea0;
T_8 ;
    %wait E_0x6367e903dcf0;
    %vpi_call/w 3 39 "$display", "output: %h", v0x6367e90961b0_0 {0 0 0};
    %jmp T_8;
    .thread T_8;
# The file index is used to find the file name in the following table.
:file_names 5;
    "N/A";
    "<interactive>";
    "-";
    "tester.v";
    "cpu.v";
